<?xml version="1.0" encoding="UTF-8"?>
<!-- Generated by org.testng.reporters.JUnitXMLReporter -->
<testsuite hostname="BDC4-D-1RY0N62" ignored="0" name="Test2IE" tests="4" failures="0" timestamp="08 Feb 2019 10:49:51 GMT" time="0.193" errors="0">
  <testcase name="@BeforeTest testLink" time="0.048" classname="seleniumadvanced.demos.seleniumday1.toTestExcelData">
    <failure type="java.lang.IllegalStateException" message="The path to the driver executable must be set by the webdriver.gecko.driver system property; for more information, see https://github.com/mozilla/geckodriver. The latest version can be downloaded from https://github.com/mozilla/geckodriver/releases">
      <![CDATA[java.lang.IllegalStateException: The path to the driver executable must be set by the webdriver.gecko.driver system property; for more information, see https://github.com/mozilla/geckodriver. The latest version can be downloaded from https://github.com/mozilla/geckodriver/releases
at com.google.common.base.Preconditions.checkState(Preconditions.java:847)
at org.openqa.selenium.remote.service.DriverService.findExecutable(DriverService.java:134)
at org.openqa.selenium.firefox.GeckoDriverService.access$100(GeckoDriverService.java:44)
at org.openqa.selenium.firefox.GeckoDriverService$Builder.findDefaultExecutable(GeckoDriverService.java:167)
at org.openqa.selenium.remote.service.DriverService$Builder.build(DriverService.java:355)
at org.openqa.selenium.firefox.FirefoxDriver.toExecutor(FirefoxDriver.java:190)
at org.openqa.selenium.firefox.FirefoxDriver.<init>(FirefoxDriver.java:147)
at org.openqa.selenium.firefox.FirefoxDriver.<init>(FirefoxDriver.java:125)
at seleniumadvanced.demos.seleniumday1.toTestExcelData.testLink(toTestExcelData.java:37)
... Removed 24 stack frames]]>
    </failure>
  </testcase> <!-- @BeforeTest testLink -->
  <testcase name="@AfterTest afterTest" time="0.0" classname="seleniumadvanced.demos.seleniumday1.toTestExcelData">
    <skipped/>
  </testcase> <!-- @AfterTest afterTest -->
  <testcase name="testExcelData" time="0.0" classname="seleniumadvanced.demos.seleniumday1.toTestExcelData">
    <skipped/>
  </testcase> <!-- testExcelData -->
  <testcase name="testExcelData" time="0.0" classname="seleniumadvanced.demos.seleniumday1.toTestExcelData">
    <skipped/>
  </testcase> <!-- testExcelData -->
  <testcase name="testExcelData" time="0.0" classname="seleniumadvanced.demos.seleniumday1.toTestExcelData">
    <skipped/>
  </testcase> <!-- testExcelData -->
  <testcase name="testExcelData" time="0.0" classname="seleniumadvanced.demos.seleniumday1.toTestExcelData">
    <skipped/>
  </testcase> <!-- testExcelData -->
</testsuite> <!-- Test2IE -->
