<?xml version="1.0" encoding="UTF-8"?>
<!-- Generated by org.testng.reporters.JUnitXMLReporter -->
<testsuite hostname="BDC4-D-1RY0N62" ignored="0" name="Test1chrome" tests="4" failures="0" timestamp="08 Feb 2019 10:49:51 GMT" time="21.493" errors="0">
  <testcase name="testExcelData" time="3.822" classname="seleniumadvanced.demos.seleniumday1.toTestExcelData"/>
  <testcase name="testExcelData" time="2.625" classname="seleniumadvanced.demos.seleniumday1.toTestExcelData"/>
  <testcase name="testExcelData" time="2.605" classname="seleniumadvanced.demos.seleniumday1.toTestExcelData"/>
  <testcase name="testExcelData" time="2.655" classname="seleniumadvanced.demos.seleniumday1.toTestExcelData"/>
</testsuite> <!-- Test1chrome -->
