<?xml version="1.0" encoding="UTF-8"?>
<!-- Generated by org.testng.reporters.JUnitXMLReporter -->
<testsuite hostname="BDC4-D-1RY0N62" ignored="0" name="Test2IE" tests="4" failures="0" timestamp="08 Feb 2019 11:29:50 GMT" time="0.178" errors="0">
  <testcase name="@BeforeTest testLink" time="0.079" classname="seleniumadvanced.demos.seleniumday1.toTestExcelData">
    <failure type="java.lang.IllegalStateException" message="The driver executable does not exist: C:\Users\training_b4c.06.01\Downloads\chromedriver_win32\IEDriverServer.exe">
      <![CDATA[java.lang.IllegalStateException: The driver executable does not exist: C:\Users\training_b4c.06.01\Downloads\chromedriver_win32\IEDriverServer.exe
at com.google.common.base.Preconditions.checkState(Preconditions.java:585)
at org.openqa.selenium.remote.service.DriverService.checkExecutable(DriverService.java:146)
at org.openqa.selenium.remote.service.DriverService.findExecutable(DriverService.java:141)
at org.openqa.selenium.firefox.GeckoDriverService.access$100(GeckoDriverService.java:44)
at org.openqa.selenium.firefox.GeckoDriverService$Builder.findDefaultExecutable(GeckoDriverService.java:167)
at org.openqa.selenium.remote.service.DriverService$Builder.build(DriverService.java:355)
at org.openqa.selenium.firefox.FirefoxDriver.toExecutor(FirefoxDriver.java:190)
at org.openqa.selenium.firefox.FirefoxDriver.<init>(FirefoxDriver.java:147)
at org.openqa.selenium.firefox.FirefoxDriver.<init>(FirefoxDriver.java:125)
at seleniumadvanced.demos.seleniumday1.toTestExcelData.testLink(toTestExcelData.java:38)
... Removed 24 stack frames]]>
    </failure>
  </testcase> <!-- @BeforeTest testLink -->
  <testcase name="@AfterTest afterTest" time="0.0" classname="seleniumadvanced.demos.seleniumday1.toTestExcelData">
    <skipped/>
  </testcase> <!-- @AfterTest afterTest -->
  <testcase name="testExcelData" time="0.0" classname="seleniumadvanced.demos.seleniumday1.toTestExcelData">
    <skipped/>
  </testcase> <!-- testExcelData -->
  <testcase name="testExcelData" time="0.0" classname="seleniumadvanced.demos.seleniumday1.toTestExcelData">
    <skipped/>
  </testcase> <!-- testExcelData -->
  <testcase name="testExcelData" time="0.0" classname="seleniumadvanced.demos.seleniumday1.toTestExcelData">
    <skipped/>
  </testcase> <!-- testExcelData -->
  <testcase name="testExcelData" time="0.0" classname="seleniumadvanced.demos.seleniumday1.toTestExcelData">
    <skipped/>
  </testcase> <!-- testExcelData -->
</testsuite> <!-- Test2IE -->
