<?xml version="1.0" encoding="UTF-8"?>
<testng-results skipped="0" failed="0" ignored="0" total="8" passed="8">
  <reporter-output>
  </reporter-output>
  <suite name="Suite" duration-ms="53589" started-at="2019-02-11T03:22:58Z" finished-at="2019-02-11T03:23:52Z">
    <groups>
    </groups>
    <test name="Test1chrome" duration-ms="32198" started-at="2019-02-11T03:22:58Z" finished-at="2019-02-11T03:23:30Z">
      <class name="seleniumadvanced.demos.seleniumday1.toTestExcelData">
        <test-method status="PASS" signature="testLink(java.lang.String, org.testng.ITestContext)[pri:0, instance:seleniumadvanced.demos.seleniumday1.toTestExcelData@42d80b78]" name="testLink" is-config="true" duration-ms="12396" started-at="2019-02-11T03:22:58Z" finished-at="2019-02-11T03:23:11Z">
          <params>
            <param index="0">
              <value>
                <![CDATA[chrome]]>
              </value>
            </param>
            <param index="1">
              <value>
                <![CDATA[org.testng.TestRunner@2b2948e2]]>
              </value>
            </param>
          </params>
          <reporter-output>
          </reporter-output>
        </test-method> <!-- testLink -->
        <test-method status="PASS" signature="testExcelData(java.lang.String, java.lang.String)[pri:0, instance:seleniumadvanced.demos.seleniumday1.toTestExcelData@42d80b78]" name="testExcelData" duration-ms="6419" started-at="2019-02-11T03:23:12Z" data-provider="dp1" finished-at="2019-02-11T03:23:18Z">
          <params>
            <param index="0">
              <value>
                <![CDATA[hoilt@koilt.com]]>
              </value>
            </param>
            <param index="1">
              <value>
                <![CDATA[Test1234!]]>
              </value>
            </param>
          </params>
          <reporter-output>
          </reporter-output>
        </test-method> <!-- testExcelData -->
        <test-method status="PASS" signature="testExcelData(java.lang.String, java.lang.String)[pri:0, instance:seleniumadvanced.demos.seleniumday1.toTestExcelData@42d80b78]" name="testExcelData" duration-ms="3505" started-at="2019-02-11T03:23:18Z" data-provider="dp1" finished-at="2019-02-11T03:23:22Z">
          <params>
            <param index="0">
              <value>
                <![CDATA[simple@pimple.com]]>
              </value>
            </param>
            <param index="1">
              <value>
                <![CDATA[Test1234!]]>
              </value>
            </param>
          </params>
          <reporter-output>
          </reporter-output>
        </test-method> <!-- testExcelData -->
        <test-method status="PASS" signature="testExcelData(java.lang.String, java.lang.String)[pri:0, instance:seleniumadvanced.demos.seleniumday1.toTestExcelData@42d80b78]" name="testExcelData" duration-ms="3622" started-at="2019-02-11T03:23:22Z" data-provider="dp1" finished-at="2019-02-11T03:23:25Z">
          <params>
            <param index="0">
              <value>
                <![CDATA[retue@mitue.com]]>
              </value>
            </param>
            <param index="1">
              <value>
                <![CDATA[Test1234!]]>
              </value>
            </param>
          </params>
          <reporter-output>
          </reporter-output>
        </test-method> <!-- testExcelData -->
        <test-method status="PASS" signature="testExcelData(java.lang.String, java.lang.String)[pri:0, instance:seleniumadvanced.demos.seleniumday1.toTestExcelData@42d80b78]" name="testExcelData" duration-ms="2858" started-at="2019-02-11T03:23:25Z" data-provider="dp1" finished-at="2019-02-11T03:23:28Z">
          <params>
            <param index="0">
              <value>
                <![CDATA[high@low.com]]>
              </value>
            </param>
            <param index="1">
              <value>
                <![CDATA[Test1234!]]>
              </value>
            </param>
          </params>
          <reporter-output>
          </reporter-output>
        </test-method> <!-- testExcelData -->
        <test-method status="PASS" signature="afterTest(org.testng.ITestContext)[pri:0, instance:seleniumadvanced.demos.seleniumday1.toTestExcelData@42d80b78]" name="afterTest" is-config="true" duration-ms="2123" started-at="2019-02-11T03:23:28Z" finished-at="2019-02-11T03:23:30Z">
          <params>
            <param index="0">
              <value>
                <![CDATA[org.testng.TestRunner@2b2948e2]]>
              </value>
            </param>
          </params>
          <reporter-output>
          </reporter-output>
        </test-method> <!-- afterTest -->
      </class> <!-- seleniumadvanced.demos.seleniumday1.toTestExcelData -->
    </test> <!-- Test1chrome -->
    <test name="Test2mozilla" duration-ms="53589" started-at="2019-02-11T03:22:58Z" finished-at="2019-02-11T03:23:52Z">
      <class name="seleniumadvanced.demos.seleniumday1.toTestExcelData">
        <test-method status="PASS" signature="testLink(java.lang.String, org.testng.ITestContext)[pri:0, instance:seleniumadvanced.demos.seleniumday1.toTestExcelData@14bf9759]" name="testLink" is-config="true" duration-ms="34527" started-at="2019-02-11T03:22:58Z" finished-at="2019-02-11T03:23:33Z">
          <params>
            <param index="0">
              <value>
                <![CDATA[mozilla]]>
              </value>
            </param>
            <param index="1">
              <value>
                <![CDATA[org.testng.TestRunner@6ddf90b0]]>
              </value>
            </param>
          </params>
          <reporter-output>
          </reporter-output>
        </test-method> <!-- testLink -->
        <test-method status="PASS" signature="testExcelData(java.lang.String, java.lang.String)[pri:0, instance:seleniumadvanced.demos.seleniumday1.toTestExcelData@14bf9759]" name="testExcelData" duration-ms="4415" started-at="2019-02-11T03:23:33Z" data-provider="dp1" finished-at="2019-02-11T03:23:37Z">
          <params>
            <param index="0">
              <value>
                <![CDATA[hoilt@koilt.com]]>
              </value>
            </param>
            <param index="1">
              <value>
                <![CDATA[Test1234!]]>
              </value>
            </param>
          </params>
          <reporter-output>
          </reporter-output>
        </test-method> <!-- testExcelData -->
        <test-method status="PASS" signature="testExcelData(java.lang.String, java.lang.String)[pri:0, instance:seleniumadvanced.demos.seleniumday1.toTestExcelData@14bf9759]" name="testExcelData" duration-ms="3842" started-at="2019-02-11T03:23:37Z" data-provider="dp1" finished-at="2019-02-11T03:23:41Z">
          <params>
            <param index="0">
              <value>
                <![CDATA[simple@pimple.com]]>
              </value>
            </param>
            <param index="1">
              <value>
                <![CDATA[Test1234!]]>
              </value>
            </param>
          </params>
          <reporter-output>
          </reporter-output>
        </test-method> <!-- testExcelData -->
        <test-method status="PASS" signature="testExcelData(java.lang.String, java.lang.String)[pri:0, instance:seleniumadvanced.demos.seleniumday1.toTestExcelData@14bf9759]" name="testExcelData" duration-ms="4539" started-at="2019-02-11T03:23:41Z" data-provider="dp1" finished-at="2019-02-11T03:23:46Z">
          <params>
            <param index="0">
              <value>
                <![CDATA[retue@mitue.com]]>
              </value>
            </param>
            <param index="1">
              <value>
                <![CDATA[Test1234!]]>
              </value>
            </param>
          </params>
          <reporter-output>
          </reporter-output>
        </test-method> <!-- testExcelData -->
        <test-method status="PASS" signature="testExcelData(java.lang.String, java.lang.String)[pri:0, instance:seleniumadvanced.demos.seleniumday1.toTestExcelData@14bf9759]" name="testExcelData" duration-ms="3538" started-at="2019-02-11T03:23:46Z" data-provider="dp1" finished-at="2019-02-11T03:23:49Z">
          <params>
            <param index="0">
              <value>
                <![CDATA[high@low.com]]>
              </value>
            </param>
            <param index="1">
              <value>
                <![CDATA[Test1234!]]>
              </value>
            </param>
          </params>
          <reporter-output>
          </reporter-output>
        </test-method> <!-- testExcelData -->
        <test-method status="PASS" signature="afterTest(org.testng.ITestContext)[pri:0, instance:seleniumadvanced.demos.seleniumday1.toTestExcelData@14bf9759]" name="afterTest" is-config="true" duration-ms="2659" started-at="2019-02-11T03:23:49Z" finished-at="2019-02-11T03:23:52Z">
          <params>
            <param index="0">
              <value>
                <![CDATA[org.testng.TestRunner@6ddf90b0]]>
              </value>
            </param>
          </params>
          <reporter-output>
          </reporter-output>
        </test-method> <!-- afterTest -->
      </class> <!-- seleniumadvanced.demos.seleniumday1.toTestExcelData -->
    </test> <!-- Test2mozilla -->
  </suite> <!-- Suite -->
</testng-results>
